44
0,1
1/3,1
1/2,1
5/12,11/12
1/3,5/6
1/2,5/6
1/6,5/6
1/4,3/4
1/3,2/3
0,2/3
1/6,2/3
0,0
0,1/3
0,1/2
1/12,5/12
1/6,1/3
1/6,1/2
1/6,1/6
1/4,1/4
1/3,1/3
1/3,0
1/3,1/6
1,0
2/3,0
1/2,0
7/12,1/12
2/3,1/6
1/2,1/6
5/6,1/6
3/4,1/4
2/3,1/3
1,1/3
5/6,1/3
1,1
1,2/3
1,1/2
11/12,7/12
5/6,2/3
5/6,1/2
5/6,5/6
3/4,3/4
2/3,2/3
2/3,1
2/3,5/6
45
3 0 6 1
3 1 3 2
4 1 6 7 4
3 1 4 3
3 3 4 5
4 4 7 8 5
3 0 9 6
4 6 9 10 7
3 9 13 10
4 10 13 14 16
5 7 10 16 19 8
3 11 17 12
3 12 14 13
4 12 17 18 15
3 12 15 14
3 14 15 16
4 15 18 19 16
3 11 20 17
4 17 20 21 18
3 20 24 21
4 21 24 25 27
5 18 21 27 30 19
3 22 28 23
3 23 25 24
4 23 28 29 26
3 23 26 25
3 25 26 27
4 26 29 30 27
3 22 31 28
4 28 31 32 29
3 31 35 32
4 32 35 36 38
5 29 32 38 41 30
3 33 39 34
3 34 36 35
4 34 39 40 37
3 34 37 36
3 36 37 38
4 37 40 41 38
3 33 42 39
4 39 42 43 40
3 42 2 43
4 43 2 3 5
5 40 43 5 8 41
4 8 19 30 41
5/6,1/2
23/34,7/34
77/102,6/17
131/204,65/204
77/102,6/17
23/34,7/34
31/51,22/51
49/68,95/204
31/51,22/51
23/34,7/34
77/102,6/17
13/34,37/102
23/34,7/34
9/17,29/102
115/204,35/204
9/17,29/102
23/34,7/34
23/51,7/51
5/12,1/4
23/51,7/51
23/34,7/34
9/17,29/102
53/102,-3/34
23/34,7/34
61/102,1/17
145/204,19/204
61/102,1/17
23/34,7/34
38/51,-1/51
43/68,-11/204
38/51,-1/51
23/34,7/34
61/102,1/17
33/34,5/102
23/34,7/34
14/17,13/102
161/204,49/204
14/17,13/102
23/34,7/34
46/51,14/51
191/204,11/68
46/51,14/51
23/34,7/34
14/17,13/102
